2018-12-21 13:13:13,013 - simpleExample - INFO - Finished processing CNN input data
2018-12-21 13:16:04,055 - simpleExample - INFO - Finished processing CNN input data
2018-12-21 13:25:25,670 - simpleExample - INFO - /root/projects/textClassification/data/punc/segmented_news.csv
2018-12-21 13:25:55,968 - simpleExample - INFO - /root/projects/textClassification/data/punc/segmented_yidian.csv
2018-12-21 13:28:28,812 - simpleExample - INFO - /root/projects/textClassification/data/punc/segmented_news.csv
2018-12-21 13:28:58,168 - simpleExample - INFO - /root/projects/textClassification/data/punc/segmented_yidian.csv
2018-12-21 13:29:03,187 - simpleExample - INFO - /root/projects/textClassification/data/punc/segmented_food_travel.csv
2018-12-21 13:29:05,480 - simpleExample - INFO - /root/projects/textClassification/data/punc/segmented_parent.csv
2018-12-21 13:29:06,512 - simpleExample - INFO - /root/projects/textClassification/data/punc/segmented_health.csv
2018-12-21 13:29:07,788 - simpleExample - INFO - /root/projects/textClassification/data/punc/segmented_fashion_beauty.csv
2018-12-21 13:29:09,255 - simpleExample - INFO - /root/projects/textClassification/data/punc/segmented_sports.csv
2018-12-21 13:29:10,112 - simpleExample - INFO - /root/projects/textClassification/data/punc/segmented_entertainment_gaming.csv
2018-12-21 13:29:13,365 - simpleExample - INFO - /root/projects/textClassification/data/punc/segmented_finance.csv
2018-12-21 13:29:13,745 - simpleExample - INFO - /root/projects/textClassification/data/punc/segmented_lifestyle_leisure.csv
2018-12-21 13:29:20,497 - simpleExample - INFO - /root/projects/textClassification/data/punc/segmented_lifestyle_leisure_law.csv
2018-12-21 13:29:20,962 - simpleExample - INFO - /root/projects/textClassification/data/punc/segmented_tech.csv
2018-12-21 13:29:23,638 - simpleExample - INFO - /root/projects/textClassification/data/punc/segmented_food_travel_flyblog.csv
2018-12-21 13:29:28,471 - simpleExample - INFO - /root/projects/textClassification/data/punc/segmented_food_travel_safood.csv
2018-12-21 13:29:29,096 - simpleExample - INFO - /root/projects/textClassification/data/punc/segmented_tech_kocpc.csv
2018-12-21 13:29:31,052 - simpleExample - INFO - /root/projects/textClassification/data/punc/segmented_tech_cool3c.csv
2018-12-21 13:29:32,954 - simpleExample - INFO - /root/projects/textClassification/data/punc/segmented_travel_bigfang.csv
2018-12-21 13:30:13,442 - simpleExample - INFO - /root/projects/textClassification/data/punc/segmented_news.csv
2018-12-21 13:30:42,972 - simpleExample - INFO - /root/projects/textClassification/data/punc/segmented_yidian.csv
2018-12-21 13:30:47,921 - simpleExample - INFO - /root/projects/textClassification/data/punc/segmented_food_travel.csv
2018-12-21 13:30:50,254 - simpleExample - INFO - /root/projects/textClassification/data/punc/segmented_parent.csv
2018-12-21 13:30:51,298 - simpleExample - INFO - /root/projects/textClassification/data/punc/segmented_health.csv
2018-12-21 13:30:52,610 - simpleExample - INFO - /root/projects/textClassification/data/punc/segmented_fashion_beauty.csv
2018-12-21 13:30:54,053 - simpleExample - INFO - /root/projects/textClassification/data/punc/segmented_sports.csv
2018-12-21 13:30:54,911 - simpleExample - INFO - /root/projects/textClassification/data/punc/segmented_entertainment_gaming.csv
2018-12-21 13:30:58,157 - simpleExample - INFO - /root/projects/textClassification/data/punc/segmented_finance.csv
2018-12-21 13:30:58,372 - simpleExample - INFO - /root/projects/textClassification/data/punc/segmented_lifestyle_leisure.csv
2018-12-21 13:31:02,924 - simpleExample - INFO - /root/projects/textClassification/data/punc/segmented_lifestyle_leisure_law.csv
2018-12-21 13:31:03,121 - simpleExample - INFO - /root/projects/textClassification/data/punc/segmented_tech.csv
2018-12-21 13:31:04,817 - simpleExample - INFO - /root/projects/textClassification/data/punc/segmented_food_travel_flyblog.csv
2018-12-21 13:31:07,853 - simpleExample - INFO - /root/projects/textClassification/data/punc/segmented_food_travel_safood.csv
2018-12-21 13:31:08,190 - simpleExample - INFO - /root/projects/textClassification/data/punc/segmented_tech_kocpc.csv
2018-12-21 13:31:09,369 - simpleExample - INFO - /root/projects/textClassification/data/punc/segmented_tech_cool3c.csv
2018-12-21 13:31:10,521 - simpleExample - INFO - /root/projects/textClassification/data/punc/segmented_travel_bigfang.csv
2018-12-21 13:34:32,957 - simpleExample - INFO - Finished processing CNN input data
2018-12-21 13:36:20,939 - simpleExample - INFO - /root/projects/textClassification/data/punc/segmented_news.csv
2018-12-21 13:36:50,386 - simpleExample - INFO - /root/projects/textClassification/data/punc/segmented_yidian.csv
2018-12-21 13:36:55,338 - simpleExample - INFO - /root/projects/textClassification/data/punc/segmented_food_travel.csv
2018-12-21 13:36:57,651 - simpleExample - INFO - /root/projects/textClassification/data/punc/segmented_parent.csv
2018-12-21 13:36:58,686 - simpleExample - INFO - /root/projects/textClassification/data/punc/segmented_health.csv
2018-12-21 13:36:59,983 - simpleExample - INFO - /root/projects/textClassification/data/punc/segmented_fashion_beauty.csv
2018-12-21 13:37:01,461 - simpleExample - INFO - /root/projects/textClassification/data/punc/segmented_sports.csv
2018-12-21 13:37:02,323 - simpleExample - INFO - /root/projects/textClassification/data/punc/segmented_entertainment_gaming.csv
2018-12-21 13:37:05,563 - simpleExample - INFO - /root/projects/textClassification/data/punc/segmented_finance.csv
2018-12-21 13:37:05,777 - simpleExample - INFO - /root/projects/textClassification/data/punc/segmented_lifestyle_leisure.csv
2018-12-21 13:37:10,298 - simpleExample - INFO - /root/projects/textClassification/data/punc/segmented_lifestyle_leisure_law.csv
2018-12-21 13:37:10,497 - simpleExample - INFO - /root/projects/textClassification/data/punc/segmented_tech.csv
2018-12-21 13:37:12,194 - simpleExample - INFO - /root/projects/textClassification/data/punc/segmented_food_travel_flyblog.csv
2018-12-21 13:37:15,224 - simpleExample - INFO - /root/projects/textClassification/data/punc/segmented_food_travel_safood.csv
2018-12-21 13:37:15,557 - simpleExample - INFO - /root/projects/textClassification/data/punc/segmented_tech_kocpc.csv
2018-12-21 13:37:16,761 - simpleExample - INFO - /root/projects/textClassification/data/punc/segmented_tech_cool3c.csv
2018-12-21 13:37:17,957 - simpleExample - INFO - /root/projects/textClassification/data/punc/segmented_travel_bigfang.csv
2018-12-21 13:40:42,420 - simpleExample - INFO - Finished processing CNN input data
2018-12-21 13:56:00,201 - simpleExample - INFO - /root/projects/textClassification/data/punc/segmented_news.csv
2018-12-21 13:56:29,670 - simpleExample - INFO - /root/projects/textClassification/data/punc/segmented_yidian.csv
2018-12-21 13:56:34,608 - simpleExample - INFO - /root/projects/textClassification/data/punc/segmented_food_travel.csv
2018-12-21 13:56:36,904 - simpleExample - INFO - /root/projects/textClassification/data/punc/segmented_parent.csv
2018-12-21 13:56:37,936 - simpleExample - INFO - /root/projects/textClassification/data/punc/segmented_health.csv
2018-12-21 13:56:39,212 - simpleExample - INFO - /root/projects/textClassification/data/punc/segmented_fashion_beauty.csv
2018-12-21 13:56:40,645 - simpleExample - INFO - /root/projects/textClassification/data/punc/segmented_sports.csv
2018-12-21 13:56:41,504 - simpleExample - INFO - /root/projects/textClassification/data/punc/segmented_entertainment_gaming.csv
2018-12-21 13:56:44,745 - simpleExample - INFO - /root/projects/textClassification/data/punc/segmented_finance.csv
2018-12-21 13:56:44,959 - simpleExample - INFO - /root/projects/textClassification/data/punc/segmented_lifestyle_leisure.csv
2018-12-21 13:56:49,479 - simpleExample - INFO - /root/projects/textClassification/data/punc/segmented_lifestyle_leisure_law.csv
2018-12-21 13:56:49,677 - simpleExample - INFO - /root/projects/textClassification/data/punc/segmented_tech.csv
2018-12-21 13:56:51,376 - simpleExample - INFO - /root/projects/textClassification/data/punc/segmented_food_travel_flyblog.csv
2018-12-21 13:56:54,475 - simpleExample - INFO - /root/projects/textClassification/data/punc/segmented_food_travel_safood.csv
2018-12-21 13:56:54,802 - simpleExample - INFO - /root/projects/textClassification/data/punc/segmented_tech_kocpc.csv
2018-12-21 13:56:56,004 - simpleExample - INFO - /root/projects/textClassification/data/punc/segmented_tech_cool3c.csv
2018-12-21 13:56:57,179 - simpleExample - INFO - /root/projects/textClassification/data/punc/segmented_travel_bigfang.csv
2018-12-21 13:58:20,500 - simpleExample - INFO - /root/projects/textClassification/data/punc/segmented_news.csv
2018-12-21 13:58:49,840 - simpleExample - INFO - /root/projects/textClassification/data/punc/segmented_yidian.csv
2018-12-21 13:58:54,903 - simpleExample - INFO - /root/projects/textClassification/data/punc/segmented_food_travel.csv
2018-12-21 13:58:57,208 - simpleExample - INFO - /root/projects/textClassification/data/punc/segmented_parent.csv
2018-12-21 13:58:58,256 - simpleExample - INFO - /root/projects/textClassification/data/punc/segmented_health.csv
2018-12-21 13:58:59,552 - simpleExample - INFO - /root/projects/textClassification/data/punc/segmented_fashion_beauty.csv
2018-12-21 13:59:01,041 - simpleExample - INFO - /root/projects/textClassification/data/punc/segmented_sports.csv
2018-12-21 13:59:01,926 - simpleExample - INFO - /root/projects/textClassification/data/punc/segmented_entertainment_gaming.csv
2018-12-21 13:59:05,197 - simpleExample - INFO - /root/projects/textClassification/data/punc/segmented_finance.csv
2018-12-21 13:59:05,412 - simpleExample - INFO - /root/projects/textClassification/data/punc/segmented_lifestyle_leisure.csv
2018-12-21 13:59:09,994 - simpleExample - INFO - /root/projects/textClassification/data/punc/segmented_lifestyle_leisure_law.csv
2018-12-21 13:59:10,192 - simpleExample - INFO - /root/projects/textClassification/data/punc/segmented_tech.csv
2018-12-21 13:59:11,883 - simpleExample - INFO - /root/projects/textClassification/data/punc/segmented_food_travel_flyblog.csv
2018-12-21 13:59:14,924 - simpleExample - INFO - /root/projects/textClassification/data/punc/segmented_food_travel_safood.csv
2018-12-21 13:59:15,255 - simpleExample - INFO - /root/projects/textClassification/data/punc/segmented_tech_kocpc.csv
2018-12-21 13:59:16,486 - simpleExample - INFO - /root/projects/textClassification/data/punc/segmented_tech_cool3c.csv
2018-12-21 13:59:17,718 - simpleExample - INFO - /root/projects/textClassification/data/punc/segmented_travel_bigfang.csv
2018-12-21 14:02:42,693 - simpleExample - INFO - Finished processing CNN input data
